

Terminals which are not used:

   NL



Grammar
rule 1    stat -> date
rule 2    date -> NUMBER SLASH NUMBER SLASH NUMBER

Terminals, with rules where they appear

$ (-1)
error (256)
NUMBER (258) 2
SLASH (259) 2
NL (260)

Nonterminals, with rules where they appear

stat (6)
    on left: 1
date (7)
    on left: 2, on right: 1


state 0

    NUMBER	shift, and go to state 1

    stat	go to state 7
    date	go to state 2



state 1

    date  ->  NUMBER . SLASH NUMBER SLASH NUMBER   (rule 2)

    SLASH	shift, and go to state 3



state 2

    stat  ->  date .   (rule 1)

    $default	reduce using rule 1 (stat)



state 3

    date  ->  NUMBER SLASH . NUMBER SLASH NUMBER   (rule 2)

    NUMBER	shift, and go to state 4



state 4

    date  ->  NUMBER SLASH NUMBER . SLASH NUMBER   (rule 2)

    SLASH	shift, and go to state 5



state 5

    date  ->  NUMBER SLASH NUMBER SLASH . NUMBER   (rule 2)

    NUMBER	shift, and go to state 6



state 6

    date  ->  NUMBER SLASH NUMBER SLASH NUMBER .   (rule 2)

    $default	reduce using rule 2 (date)



state 7

    $   	go to state 8



state 8

    $   	go to state 9



state 9

    $default	accept
